\BOOKMARK [1][-]{section.1}{\376\377\000W\000s\000t\001\031\000p}{}% 1
\BOOKMARK [2][-]{subsection*.2}{\376\377\000M\000o\000t\000y\000w\000a\000c\000j\000a}{section.1}% 2
\BOOKMARK [2][-]{subsection*.3}{\376\377\000C\000e\000l\000\040\000p\000r\000a\000c\000y}{section.1}% 3
\BOOKMARK [1][-]{section.2}{\376\377\000S\000f\000o\000r\000m\000u\001\102\000o\000w\000a\000n\000i\000e\000\040\000p\000r\000o\000b\000l\000e\000m\000u\000\040\000i\000\040\000w\000y\000m\000a\000g\000a\000n\000i\000a}{}% 4
\BOOKMARK [2][-]{subsection*.4}{\376\377\000P\000r\000z\000e\000z\000n\000a\000c\000z\000e\000n\000i\000e\000\040\000s\000y\000s\000t\000e\000m\000u\000\040\000i\000\040\000c\000h\000a\000r\000a\000k\000t\000e\000r\000y\000s\000t\000y\000k\000a\000\040\000u\001\174\000y\000t\000k\000o\000w\000n\000i\000k\000a}{section.2}% 5
\BOOKMARK [1][-]{section.3}{\376\377\000P\000r\000z\000e\000g\000l\001\005\000d\000\040\000i\000s\000t\000n\000i\000e\000j\001\005\000c\000y\000c\000h\000\040\000r\000o\000z\000w\000i\001\005\000z\000a\001\104}{}% 6
\BOOKMARK [2][-]{subsection*.7}{\376\377\000D\000o\000g\000t\000r\000a\000\040\000P\000a\000t\000h\000f\000i\000n\000d\000e\000r\000\040\0002}{section.3}% 7
\BOOKMARK [2][-]{subsection*.9}{\376\377\000D\000o\000g\000t\000r\000a\000c\000e\000\040\000D\000O\000G\000\040\000G\000P\000S\000\040\000X\0002\0005}{section.3}% 8
\BOOKMARK [2][-]{subsection*.11}{\376\377\000P\000o\000r\000\363\000w\000n\000a\000n\000i\000e\000\040\000z\000\040\000p\000r\000o\000p\000o\000n\000o\000w\000a\000n\000y\000m\000\040\000r\000o\000z\000w\000i\001\005\000z\000a\000n\000i\000e\000m}{section.3}% 9
\BOOKMARK [1][-]{section.4}{\376\377\000P\000r\000o\000j\000e\000k\000t}{}% 10
\BOOKMARK [2][-]{subsection*.13}{\376\377\000W\000y\000b\000\363\000r\000\040\000t\000e\000c\000h\000n\000o\000l\000o\000g\000i\000i}{section.4}% 11
\BOOKMARK [2][-]{subsection*.14}{\376\377\000M\000o\000d\000u\000l\000a\000c\000j\000a\000\040\000L\000o\000R\000a\000\040\000i\000\040\000t\000e\000c\000h\000n\000i\000k\000a\000\040\000C\000h\000i\000r\000p\000\040\000S\000p\000r\000e\000a\000d\000\040\000S\000p\000e\000c\000t\000r\000u\000m}{section.4}% 12
\BOOKMARK [2][-]{subsection*.15}{\376\377\000W\000y\000b\000\363\000r\000\040\000p\000l\000a\000t\000f\000o\000r\000m\000y\000\040\000s\000p\000r\000z\001\031\000t\000o\000w\000e\000j}{section.4}% 13
\BOOKMARK [2][-]{subsection*.18}{\376\377\000K\000o\000n\000f\000i\000g\000u\000r\000a\000c\000j\000a\000\040\000s\000i\000e\000c\000i\000\040\000M\000e\000s\000h\000t\000a\000s\000t\000i\000c}{section.4}% 14
\BOOKMARK [1][-]{section.5}{\376\377\000A\000p\000l\000i\000k\000a\000c\000j\000a\000\040\000m\000o\000b\000i\000l\000n\000a\000\040\000M\000e\000s\000h\000T\000r\000a\000c\000k\000e\000r}{}% 15
\BOOKMARK [2][-]{subsection*.21}{\376\377\000A\000r\000c\000h\000i\000t\000e\000k\000t\000u\000r\000a}{section.5}% 16
\BOOKMARK [2][-]{subsection*.23}{\376\377\000P\000r\000z\000e\000g\000l\001\005\000d\000\040\000e\000k\000r\000a\000n\000\363\000w\000\040\000a\000p\000l\000i\000k\000a\000c\000j\000i}{section.5}% 17
\BOOKMARK [2][-]{subsection*.35}{\376\377\000I\000n\000t\000e\000g\000r\000a\000c\000j\000a\000\040\000z\000\040\000a\000p\000l\000i\000k\000a\000c\000j\001\005\000\040\000M\000e\000s\000h\000t\000a\000s\000t\000i\000c}{section.5}% 18
\BOOKMARK [2][-]{subsection*.37}{\376\377\000S\000c\000h\000e\000m\000a\000t\000\040\000n\000a\000w\000i\001\005\000z\000y\000w\000a\000n\000i\000a\000\040\000p\000o\001\102\001\005\000c\000z\000e\000n\000i\000a\000.}{section.5}% 19
\BOOKMARK [3][-]{subsubsection.5.0.1}{\376\377\000G\000e\000o\000f\000e\000n\000c\000i\000n\000g}{subsection*.37}% 20
\BOOKMARK [2][-]{subsection*.47}{\376\377\000M\000o\000d\000e\000l\000\040\000d\000a\000n\000y\000c\000h\000.}{section.5}% 21
\BOOKMARK [2][-]{subsection*.52}{\376\377\000W\000y\000k\000r\000y\000w\000a\000n\000i\000e\000\040\000z\000d\000a\000r\000z\000e\001\104\000\040\000w\000e\000j\001\133\000c\000i\000a\000\040\000i\000\040\000w\000y\000j\001\133\000c\000i\000a\000.}{section.5}% 22
\BOOKMARK [2][-]{subsection*.54}{\376\377\000P\000o\000w\000i\000a\000d\000o\000m\000i\000e\000n\000i\000a\000\040\000o\000\040\000p\000r\000z\000e\000k\000r\000o\000c\000z\000e\000n\000i\000u\000\040\000s\000t\000r\000e\000f\000y\000.}{section.5}% 23
\BOOKMARK [1][-]{section*.57}{\376\377\000B\000i\000b\000l\000i\000o\000g\000r\000a\000f\000i\000a}{}% 24
\BOOKMARK [1][-]{section*.57}{\376\377\000S\000p\000i\000s\000\040\000r\000y\000s\000u\000n\000k\000\363\000w}{}% 25
\BOOKMARK [1][-]{section*.57}{\376\377\000S\000p\000i\000s\000\040\000t\000a\000b\000e\000l}{}% 26
